
2024/02/18 (18:38:53) | ===> btop++ v.1.3.2
2024/02/18 (18:38:53) | ERROR: Couldn't determine terminal size of "STDOUT_FILENO"!
2024/02/18 (18:38:53) | ERROR: Couldn't determine terminal size of "/dev/tty"!

2024/02/24 (18:37:32) | ===> btop++ v.1.3.2
2024/02/24 (18:37:32) | ERROR: Couldn't determine terminal size of "STDOUT_FILENO"!
2024/02/24 (18:37:32) | ERROR: Couldn't determine terminal size of "/dev/tty"!

2024/02/29 (03:41:38) | ===> btop++ v.1.3.2
2024/02/29 (03:41:38) | ERROR: Stall in Runner thread, restarting!

2024/02/29 (15:06:40) | ===> btop++ v.1.3.2
2024/02/29 (15:06:40) | WARNING: NVML: Failed to get GPU power usage: No data

2024/02/29 (23:19:19) | ===> btop++ v.1.3.2
2024/02/29 (23:19:19) | INFO: Logger set to INFO
2024/02/29 (23:19:20) | INFO: Logger set to DEBUG
2024/02/29 (23:19:24) | INFO: Logger set to INFO
2024/02/29 (23:19:26) | INFO: Logger set to INFO

2024/03/02 (14:07:33) | ===> btop++ v.1.3.2
2024/03/02 (14:07:34) | ERROR: Stall in Runner thread, restarting!

2024/03/04 (12:08:17) | ===> btop++ v.1.3.2
2024/03/04 (12:08:17) | ERROR: Couldn't determine terminal size of "STDOUT_FILENO"!

2024/03/05 (19:33:56) | ===> btop++ v.1.3.2
2024/03/05 (19:33:56) | ERROR: Stall in Runner thread, restarting!
2024/03/05 (19:35:03) | ERROR: Stall in Runner thread, restarting!

2024/03/06 (01:13:12) | ===> btop++ v.1.3.2
2024/03/06 (01:13:12) | ERROR: Stall in Runner thread, restarting!

2024/03/14 (18:01:25) | ===> btop++ v.1.3.2
2024/03/14 (18:01:25) | ERROR: Stall in Runner thread, restarting!

2024/03/14 (23:06:15) | ===> btop++ v.1.3.2
2024/03/14 (23:06:15) | ERROR: Couldn't determine terminal size of "STDOUT_FILENO"!

2024/03/16 (03:07:37) | ===> btop++ v.1.3.2
2024/03/16 (03:07:37) | ERROR: Stall in Runner thread, restarting!

2024/06/13 (19:11:07) | ===> btop++ v.1.3.2
2024/06/13 (19:11:07) | ERROR: Stall in Runner thread, restarting!

2024/07/26 (15:49:52) | ===> btop++ v.1.3.2
2024/07/26 (15:49:52) | ERROR: No tty detected!
btop++ needs an interactive shell to run.

2024/08/08 (00:17:03) | ===> btop++ v.1.3.2
2024/08/08 (00:17:03) | ERROR: Stall in Runner thread, restarting!

2024/08/12 (03:25:34) | ===> btop++ v.1.3.2
2024/08/12 (03:25:34) | ERROR: No UTF-8 locale detected!
Use --utf-force argument to force start if you're sure your terminal can handle it.

2024/08/12 (03:25:43) | ===> btop++ v.1.3.2
2024/08/12 (03:25:43) | WARNING: No UTF-8 locale detected! Forcing start with --utf-force argument.
2024/08/12 (03:25:49) | ERROR: Stall in Runner thread, restarting!

2024/08/12 (03:26:34) | ===> btop++ v.1.3.2
2024/08/12 (03:26:34) | ERROR: No UTF-8 locale detected!
Use --utf-force argument to force start if you're sure your terminal can handle it.

2024/08/16 (21:40:14) | ===> btop++ v.1.3.2
2024/08/16 (21:40:14) | ERROR: Stall in Runner thread, restarting!

2024/08/16 (21:42:50) | ===> btop++ v.1.3.2
2024/08/16 (21:42:50) | ERROR: Stall in Runner thread, restarting!

2024/08/17 (12:13:28) | ===> btop++ v.1.3.2
2024/08/17 (12:13:28) | ERROR: Stall in Runner thread, restarting!

2024/08/17 (12:13:40) | ===> btop++ v.1.3.2
2024/08/17 (12:13:40) | ERROR: Stall in Runner thread, restarting!

2024/08/17 (12:13:50) | ===> btop++ v.1.3.2
2024/08/17 (12:13:50) | ERROR: Stall in Runner thread, restarting!

2024/08/17 (12:16:50) | ===> btop++ v.1.3.2
2024/08/17 (12:16:50) | ERROR: Stall in Runner thread, restarting!
