
2024/08/29 (20:08:16) | ===> btop++ v.1.3.2
2024/08/29 (20:08:16) | WARNING: Failed to set locale en_US.UTF-8 continuing anyway.
2024/08/29 (20:08:16) | WARNING: NVML: Failed to get maximum GPU power draw, defaulting to 225W: Not Supported

2024/08/29 (20:08:48) | ===> btop++ v.1.3.2
2024/08/29 (20:08:48) | WARNING: Failed to set locale en_US.UTF-8 continuing anyway.
2024/08/29 (20:08:48) | WARNING: NVML: Failed to get maximum GPU power draw, defaulting to 225W: Not Supported

2024/08/29 (20:08:58) | ===> btop++ v.1.3.2
2024/08/29 (20:08:58) | WARNING: Failed to set locale en_US.UTF-8 continuing anyway.
2024/08/29 (20:08:58) | WARNING: NVML: Failed to get maximum GPU power draw, defaulting to 225W: Not Supported

2024/08/29 (20:08:59) | ===> btop++ v.1.3.2
2024/08/29 (20:08:59) | WARNING: Failed to set locale en_US.UTF-8 continuing anyway.
2024/08/29 (20:08:59) | WARNING: NVML: Failed to get maximum GPU power draw, defaulting to 225W: Not Supported

2024/08/29 (20:10:32) | ===> btop++ v.1.3.2
2024/08/29 (20:10:32) | WARNING: Failed to set locale en_US.UTF-8 continuing anyway.
2024/08/29 (20:10:32) | WARNING: NVML: Failed to get maximum GPU power draw, defaulting to 225W: Not Supported

2024/08/29 (20:46:34) | ===> btop++ v.1.3.2
2024/08/29 (20:46:34) | WARNING: Failed to set locale en_US.UTF-8 continuing anyway.
2024/08/29 (20:46:34) | WARNING: NVML: Failed to get maximum GPU power draw, defaulting to 225W: Not Supported

2024/08/29 (20:47:25) | ===> btop++ v.1.3.2
2024/08/29 (20:47:25) | WARNING: Failed to set locale en_US.UTF-8 continuing anyway.
2024/08/29 (20:47:25) | WARNING: NVML: Failed to get maximum GPU power draw, defaulting to 225W: Not Supported

2024/08/29 (20:47:36) | ===> btop++ v.1.3.2
2024/08/29 (20:47:36) | WARNING: Failed to set locale en_US.UTF-8 continuing anyway.
2024/08/29 (20:47:36) | WARNING: NVML: Failed to get maximum GPU power draw, defaulting to 225W: Not Supported

2024/08/29 (20:58:17) | ===> btop++ v.1.3.2
2024/08/29 (20:58:17) | WARNING: Failed to set locale en_US.UTF-8 continuing anyway.
2024/08/29 (20:58:17) | WARNING: NVML: Failed to get maximum GPU power draw, defaulting to 225W: Not Supported

2024/08/29 (20:58:21) | ===> btop++ v.1.3.2
2024/08/29 (20:58:21) | WARNING: Failed to set locale en_US.UTF-8 continuing anyway.
2024/08/29 (20:58:21) | WARNING: NVML: Failed to get maximum GPU power draw, defaulting to 225W: Not Supported
2024/08/29 (23:18:04) | ERROR: Stall in Runner thread, restarting!
2024/08/29 (23:18:10) | ERROR: Stall in Runner thread, restarting!

2024/08/30 (07:08:58) | ===> btop++ v.1.3.2
2024/08/30 (07:08:58) | WARNING: Failed to set locale en_US.UTF-8 continuing anyway.
2024/08/30 (07:08:58) | WARNING: NVML: Failed to get maximum GPU power draw, defaulting to 225W: Not Supported

2024/08/30 (08:49:13) | ===> btop++ v.1.3.2
2024/08/30 (08:49:13) | WARNING: Failed to set locale en_US.UTF-8 continuing anyway.
2024/08/30 (08:49:13) | WARNING: NVML: Failed to get maximum GPU power draw, defaulting to 225W: Not Supported

2024/08/30 (09:29:44) | ===> btop++ v.1.3.2
2024/08/30 (09:29:44) | WARNING: Failed to set locale en_US.UTF-8 continuing anyway.
2024/08/30 (09:29:44) | WARNING: NVML: Failed to get maximum GPU power draw, defaulting to 225W: Not Supported

2024/08/30 (09:30:18) | ===> btop++ v.1.3.2
2024/08/30 (09:30:18) | WARNING: Failed to set locale en_US.UTF-8 continuing anyway.
2024/08/30 (09:30:18) | WARNING: NVML: Failed to get maximum GPU power draw, defaulting to 225W: Not Supported

2024/08/30 (10:15:11) | ===> btop++ v.1.3.2
2024/08/30 (10:15:11) | WARNING: Failed to set locale en_US.UTF-8 continuing anyway.
2024/08/30 (10:15:11) | WARNING: NVML: Failed to get maximum GPU power draw, defaulting to 225W: Not Supported

2024/08/30 (11:40:37) | ===> btop++ v.1.3.2
2024/08/30 (11:40:37) | WARNING: Failed to set locale en_US.UTF-8 continuing anyway.
2024/08/30 (11:40:37) | WARNING: NVML: Failed to get maximum GPU power draw, defaulting to 225W: Not Supported

2024/08/30 (11:57:32) | ===> btop++ v.1.3.2
2024/08/30 (11:57:32) | WARNING: Failed to set locale en_US.UTF-8 continuing anyway.
2024/08/30 (11:57:32) | WARNING: NVML: Failed to get maximum GPU power draw, defaulting to 225W: Not Supported
2024/08/30 (12:09:31) | ERROR: Stall in Runner thread, restarting!

2024/08/30 (12:14:53) | ===> btop++ v.1.3.2
2024/08/30 (12:14:53) | WARNING: Failed to set locale en_US.UTF-8 continuing anyway.
2024/08/30 (12:14:53) | WARNING: NVML: Failed to get maximum GPU power draw, defaulting to 225W: Not Supported
2024/08/30 (13:09:29) | ERROR: Stall in Runner thread, restarting!
2024/08/30 (13:29:26) | ERROR: Couldn't determine terminal size of "STDOUT_FILENO"!
2024/08/30 (13:29:26) | ERROR: Couldn't determine terminal size of "/dev/tty"!

2024/08/30 (20:41:34) | ===> btop++ v.1.3.2
2024/08/30 (20:41:34) | WARNING: Failed to set locale en_US.UTF-8 continuing anyway.
2024/08/30 (20:41:34) | WARNING: NVML: Failed to get maximum GPU power draw, defaulting to 225W: Not Supported

2024/08/30 (20:41:53) | ===> btop++ v.1.3.2
2024/08/30 (20:41:53) | WARNING: Failed to set locale en_US.UTF-8 continuing anyway.
2024/08/30 (20:41:53) | WARNING: NVML: Failed to get maximum GPU power draw, defaulting to 225W: Not Supported

2024/08/30 (20:42:01) | ===> btop++ v.1.3.2
2024/08/30 (20:42:01) | WARNING: Failed to set locale en_US.UTF-8 continuing anyway.
2024/08/30 (20:42:01) | WARNING: NVML: Failed to get maximum GPU power draw, defaulting to 225W: Not Supported

2024/08/30 (22:11:22) | ===> btop++ v.1.3.2
2024/08/30 (22:11:22) | WARNING: Failed to set locale en_US.UTF-8 continuing anyway.
2024/08/30 (22:11:22) | WARNING: NVML: Failed to get maximum GPU power draw, defaulting to 225W: Not Supported

2024/08/30 (22:11:56) | ===> btop++ v.1.3.2
2024/08/30 (22:11:56) | WARNING: Failed to set locale en_US.UTF-8 continuing anyway.
2024/08/30 (22:11:56) | WARNING: NVML: Failed to get maximum GPU power draw, defaulting to 225W: Not Supported
